This file contains any messages produced by compilers while
running configure, to aid debugging if configure makes a mistake.

It was created by configure, which was
generated by GNU Autoconf 2.68.  Invocation command line was

  $ ./configure 

## --------- ##
## Platform. ##
## --------- ##

hostname = localhost
uname -m = i686
uname -r = 3.0.4-gentoo
uname -s = Linux
uname -v = #5 Fri Sep 16 18:03:10 PDT 2011

/usr/bin/uname -p = Intel(R) Pentium(R) M processor 1.60GHz
/bin/uname -X     = unknown

/bin/arch              = unknown
/usr/bin/arch -k       = unknown
/usr/convex/getsysinfo = unknown
/usr/bin/hostinfo      = unknown
/bin/machine           = unknown
/usr/bin/oslevel       = unknown
/bin/universe          = unknown

PATH: /usr/local/sbin
PATH: /usr/local/bin
PATH: /usr/sbin
PATH: /usr/bin
PATH: /sbin
PATH: /bin
PATH: /opt/bin
PATH: /usr/i686-pc-linux-gnu/gcc-bin/4.4.5


## ----------- ##
## Core tests. ##
## ----------- ##

configure:2311: checking build system type
configure:2325: result: i686-pc-linux-gnu
configure:2345: checking host system type
configure:2358: result: i686-pc-linux-gnu
configure:2378: checking target system type
configure:2391: result: i686-pc-linux-gnu
configure:2472: checking for gcc
configure:2488: found /usr/bin/gcc
configure:2499: result: gcc
configure:2728: checking for C compiler version
configure:2737: gcc --version >&5
gcc (Gentoo 4.4.5 p1.0, pie-0.4.5) 4.4.5
Copyright (C) 2010 Free Software Foundation, Inc.
This is free software; see the source for copying conditions.  There is NO
warranty; not even for MERCHANTABILITY or FITNESS FOR A PARTICULAR PURPOSE.

configure:2748: $? = 0
configure:2737: gcc -v >&5
Using built-in specs.
Target: i686-pc-linux-gnu
Configured with: /var/tmp/portage/sys-devel/gcc-4.4.5/work/gcc-4.4.5/configure --prefix=/usr --bindir=/usr/i686-pc-linux-gnu/gcc-bin/4.4.5 --includedir=/usr/lib/gcc/i686-pc-linux-gnu/4.4.5/include --datadir=/usr/share/gcc-data/i686-pc-linux-gnu/4.4.5 --mandir=/usr/share/gcc-data/i686-pc-linux-gnu/4.4.5/man --infodir=/usr/share/gcc-data/i686-pc-linux-gnu/4.4.5/info --with-gxx-include-dir=/usr/lib/gcc/i686-pc-linux-gnu/4.4.5/include/g++-v4 --host=i686-pc-linux-gnu --build=i686-pc-linux-gnu --disable-altivec --disable-fixed-point --without-ppl --without-cloog --enable-nls --without-included-gettext --with-system-zlib --disable-werror --enable-secureplt --disable-multilib --enable-libmudflap --disable-libssp --enable-libgomp --with-python-dir=/share/gcc-data/i686-pc-linux-gnu/4.4.5/python --enable-checking=release --disable-libgcj --with-arch=i686 --enable-languages=c,c++,fortran --enable-shared --enable-threads=posix --enable-__cxa_atexit --enable-clocale=gnu --with-bugurl=http://bugs.gentoo.org/ --with-pkgversion='Gentoo 4.4.5 p1.0, pie-0.4.5'
Thread model: posix
gcc version 4.4.5 (Gentoo 4.4.5 p1.0, pie-0.4.5) 
configure:2748: $? = 0
configure:2737: gcc -V >&5
gcc: '-V' option must have argument
configure:2748: $? = 1
configure:2737: gcc -qversion >&5
gcc: unrecognized option '-qversion'
gcc: no input files
configure:2748: $? = 1
configure:2768: checking whether the C compiler works
configure:2790: gcc -march=native -O2 -pipe -Wall -fno-strict-aliasing -ffast-math   conftest.c  >&5
configure:2794: $? = 0
configure:2842: result: yes
configure:2845: checking for C compiler default output file name
configure:2847: result: a.out
configure:2853: checking for suffix of executables
configure:2860: gcc -o conftest -march=native -O2 -pipe -Wall -fno-strict-aliasing -ffast-math   conftest.c  >&5
configure:2864: $? = 0
configure:2886: result: 
configure:2908: checking whether we are cross compiling
configure:2916: gcc -o conftest -march=native -O2 -pipe -Wall -fno-strict-aliasing -ffast-math   conftest.c  >&5
configure:2920: $? = 0
configure:2927: ./conftest
configure:2931: $? = 0
configure:2946: result: no
configure:2951: checking for suffix of object files
configure:2973: gcc -c -march=native -O2 -pipe -Wall -fno-strict-aliasing -ffast-math  conftest.c >&5
configure:2977: $? = 0
configure:2998: result: o
configure:3002: checking whether we are using the GNU C compiler
configure:3021: gcc -c -march=native -O2 -pipe -Wall -fno-strict-aliasing -ffast-math  conftest.c >&5
configure:3021: $? = 0
configure:3030: result: yes
configure:3039: checking whether gcc accepts -g
configure:3059: gcc -c -g  conftest.c >&5
configure:3059: $? = 0
configure:3100: result: yes
configure:3117: checking for gcc option to accept ISO C89
configure:3181: gcc  -c -march=native -O2 -pipe -Wall -fno-strict-aliasing -ffast-math  conftest.c >&5
configure:3181: $? = 0
configure:3194: result: none needed
configure:3235: checking for style of include used by make
configure:3263: result: GNU
configure:3294: checking dependency style of gcc
configure:3402: result: gcc3
configure:3463: checking for a BSD-compatible install
configure:3531: result: /usr/bin/install -c
configure:3542: checking whether build environment is sane
configure:3592: result: yes
configure:3733: checking for a thread-safe mkdir -p
configure:3772: result: /bin/mkdir -p
configure:3785: checking for gawk
configure:3801: found /usr/bin/gawk
configure:3812: result: gawk
configure:3823: checking whether make sets $(MAKE)
configure:3845: result: yes
configure:3917: checking dependency style of gcc
configure:4027: result: gcc3
configure:4094: checking for gcc
configure:4121: result: gcc
configure:4350: checking for C compiler version
configure:4359: gcc --version >&5
gcc (Gentoo 4.4.5 p1.0, pie-0.4.5) 4.4.5
Copyright (C) 2010 Free Software Foundation, Inc.
This is free software; see the source for copying conditions.  There is NO
warranty; not even for MERCHANTABILITY or FITNESS FOR A PARTICULAR PURPOSE.

configure:4370: $? = 0
configure:4359: gcc -v >&5
Using built-in specs.
Target: i686-pc-linux-gnu
Configured with: /var/tmp/portage/sys-devel/gcc-4.4.5/work/gcc-4.4.5/configure --prefix=/usr --bindir=/usr/i686-pc-linux-gnu/gcc-bin/4.4.5 --includedir=/usr/lib/gcc/i686-pc-linux-gnu/4.4.5/include --datadir=/usr/share/gcc-data/i686-pc-linux-gnu/4.4.5 --mandir=/usr/share/gcc-data/i686-pc-linux-gnu/4.4.5/man --infodir=/usr/share/gcc-data/i686-pc-linux-gnu/4.4.5/info --with-gxx-include-dir=/usr/lib/gcc/i686-pc-linux-gnu/4.4.5/include/g++-v4 --host=i686-pc-linux-gnu --build=i686-pc-linux-gnu --disable-altivec --disable-fixed-point --without-ppl --without-cloog --enable-nls --without-included-gettext --with-system-zlib --disable-werror --enable-secureplt --disable-multilib --enable-libmudflap --disable-libssp --enable-libgomp --with-python-dir=/share/gcc-data/i686-pc-linux-gnu/4.4.5/python --enable-checking=release --disable-libgcj --with-arch=i686 --enable-languages=c,c++,fortran --enable-shared --enable-threads=posix --enable-__cxa_atexit --enable-clocale=gnu --with-bugurl=http://bugs.gentoo.org/ --with-pkgversion='Gentoo 4.4.5 p1.0, pie-0.4.5'
Thread model: posix
gcc version 4.4.5 (Gentoo 4.4.5 p1.0, pie-0.4.5) 
configure:4370: $? = 0
configure:4359: gcc -V >&5
gcc: '-V' option must have argument
configure:4370: $? = 1
configure:4359: gcc -qversion >&5
gcc: unrecognized option '-qversion'
gcc: no input files
configure:4370: $? = 1
configure:4374: checking whether we are using the GNU C compiler
configure:4402: result: yes
configure:4411: checking whether gcc accepts -g
configure:4472: result: yes
configure:4489: checking for gcc option to accept ISO C89
configure:4566: result: none needed
configure:4613: checking how to run the C preprocessor
configure:4644: gcc -E  conftest.c
configure:4644: $? = 0
configure:4658: gcc -E  conftest.c
conftest.c:14:28: error: ac_nonexistent.h: No such file or directory
configure:4658: $? = 1
configure: failed program was:
| /* confdefs.h */
| #define PACKAGE_NAME ""
| #define PACKAGE_TARNAME ""
| #define PACKAGE_VERSION ""
| #define PACKAGE_STRING ""
| #define PACKAGE_BUGREPORT ""
| #define PACKAGE_URL ""
| #define I386 1
| #define LINUX 1
| #define SECURE_UID 1
| #define PACKAGE "lsdldoom"
| #define VERSION "1.5"
| /* end confdefs.h.  */
| #include <ac_nonexistent.h>
configure:4683: result: gcc -E
configure:4703: gcc -E  conftest.c
configure:4703: $? = 0
configure:4717: gcc -E  conftest.c
conftest.c:14:28: error: ac_nonexistent.h: No such file or directory
configure:4717: $? = 1
configure: failed program was:
| /* confdefs.h */
| #define PACKAGE_NAME ""
| #define PACKAGE_TARNAME ""
| #define PACKAGE_VERSION ""
| #define PACKAGE_STRING ""
| #define PACKAGE_BUGREPORT ""
| #define PACKAGE_URL ""
| #define I386 1
| #define LINUX 1
| #define SECURE_UID 1
| #define PACKAGE "lsdldoom"
| #define VERSION "1.5"
| /* end confdefs.h.  */
| #include <ac_nonexistent.h>
configure:4746: checking for grep that handles long lines and -e
configure:4804: result: /bin/grep
configure:4809: checking for egrep
configure:4871: result: /bin/grep -E
configure:4876: checking for ANSI C header files
configure:4896: gcc -c -march=native -O2 -pipe -Wall -fno-strict-aliasing -ffast-math -DI386_ASM -march=native  conftest.c >&5
configure:4896: $? = 0
configure:4969: gcc -o conftest -march=native -O2 -pipe -Wall -fno-strict-aliasing -ffast-math -DI386_ASM -march=native   conftest.c  >&5
configure:4969: $? = 0
configure:4969: ./conftest
configure:4969: $? = 0
configure:4980: result: yes
configure:4993: checking for sys/types.h
configure:4993: gcc -c -march=native -O2 -pipe -Wall -fno-strict-aliasing -ffast-math -DI386_ASM -march=native  conftest.c >&5
configure:4993: $? = 0
configure:4993: result: yes
configure:4993: checking for sys/stat.h
configure:4993: gcc -c -march=native -O2 -pipe -Wall -fno-strict-aliasing -ffast-math -DI386_ASM -march=native  conftest.c >&5
configure:4993: $? = 0
configure:4993: result: yes
configure:4993: checking for stdlib.h
configure:4993: gcc -c -march=native -O2 -pipe -Wall -fno-strict-aliasing -ffast-math -DI386_ASM -march=native  conftest.c >&5
configure:4993: $? = 0
configure:4993: result: yes
configure:4993: checking for string.h
configure:4993: gcc -c -march=native -O2 -pipe -Wall -fno-strict-aliasing -ffast-math -DI386_ASM -march=native  conftest.c >&5
configure:4993: $? = 0
configure:4993: result: yes
configure:4993: checking for memory.h
configure:4993: gcc -c -march=native -O2 -pipe -Wall -fno-strict-aliasing -ffast-math -DI386_ASM -march=native  conftest.c >&5
configure:4993: $? = 0
configure:4993: result: yes
configure:4993: checking for strings.h
configure:4993: gcc -c -march=native -O2 -pipe -Wall -fno-strict-aliasing -ffast-math -DI386_ASM -march=native  conftest.c >&5
configure:4993: $? = 0
configure:4993: result: yes
configure:4993: checking for inttypes.h
configure:4993: gcc -c -march=native -O2 -pipe -Wall -fno-strict-aliasing -ffast-math -DI386_ASM -march=native  conftest.c >&5
configure:4993: $? = 0
configure:4993: result: yes
configure:4993: checking for stdint.h
configure:4993: gcc -c -march=native -O2 -pipe -Wall -fno-strict-aliasing -ffast-math -DI386_ASM -march=native  conftest.c >&5
configure:4993: $? = 0
configure:4993: result: yes
configure:4993: checking for unistd.h
configure:4993: gcc -c -march=native -O2 -pipe -Wall -fno-strict-aliasing -ffast-math -DI386_ASM -march=native  conftest.c >&5
configure:4993: $? = 0
configure:4993: result: yes
configure:5005: checking for size_t
configure:5005: gcc -c -march=native -O2 -pipe -Wall -fno-strict-aliasing -ffast-math -DI386_ASM -march=native  conftest.c >&5
configure:5005: $? = 0
configure:5005: gcc -c -march=native -O2 -pipe -Wall -fno-strict-aliasing -ffast-math -DI386_ASM -march=native  conftest.c >&5
conftest.c: In function 'main':
conftest.c:60: error: expected expression before ')' token
configure:5005: $? = 1
configure: failed program was:
| /* confdefs.h */
| #define PACKAGE_NAME ""
| #define PACKAGE_TARNAME ""
| #define PACKAGE_VERSION ""
| #define PACKAGE_STRING ""
| #define PACKAGE_BUGREPORT ""
| #define PACKAGE_URL ""
| #define I386 1
| #define LINUX 1
| #define SECURE_UID 1
| #define PACKAGE "lsdldoom"
| #define VERSION "1.5"
| #define STDC_HEADERS 1
| #define HAVE_SYS_TYPES_H 1
| #define HAVE_SYS_STAT_H 1
| #define HAVE_STDLIB_H 1
| #define HAVE_STRING_H 1
| #define HAVE_MEMORY_H 1
| #define HAVE_STRINGS_H 1
| #define HAVE_INTTYPES_H 1
| #define HAVE_STDINT_H 1
| #define HAVE_UNISTD_H 1
| /* end confdefs.h.  */
| #include <stdio.h>
| #ifdef HAVE_SYS_TYPES_H
| # include <sys/types.h>
| #endif
| #ifdef HAVE_SYS_STAT_H
| # include <sys/stat.h>
| #endif
| #ifdef STDC_HEADERS
| # include <stdlib.h>
| # include <stddef.h>
| #else
| # ifdef HAVE_STDLIB_H
| #  include <stdlib.h>
| # endif
| #endif
| #ifdef HAVE_STRING_H
| # if !defined STDC_HEADERS && defined HAVE_MEMORY_H
| #  include <memory.h>
| # endif
| # include <string.h>
| #endif
| #ifdef HAVE_STRINGS_H
| # include <strings.h>
| #endif
| #ifdef HAVE_INTTYPES_H
| # include <inttypes.h>
| #endif
| #ifdef HAVE_STDINT_H
| # include <stdint.h>
| #endif
| #ifdef HAVE_UNISTD_H
| # include <unistd.h>
| #endif
| int
| main ()
| {
| if (sizeof ((size_t)))
| 	    return 0;
|   ;
|   return 0;
| }
configure:5005: result: yes
configure:5016: checking for pid_t
configure:5016: gcc -c -march=native -O2 -pipe -Wall -fno-strict-aliasing -ffast-math -DI386_ASM -march=native  conftest.c >&5
configure:5016: $? = 0
configure:5016: gcc -c -march=native -O2 -pipe -Wall -fno-strict-aliasing -ffast-math -DI386_ASM -march=native  conftest.c >&5
conftest.c: In function 'main':
conftest.c:60: error: expected expression before ')' token
configure:5016: $? = 1
configure: failed program was:
| /* confdefs.h */
| #define PACKAGE_NAME ""
| #define PACKAGE_TARNAME ""
| #define PACKAGE_VERSION ""
| #define PACKAGE_STRING ""
| #define PACKAGE_BUGREPORT ""
| #define PACKAGE_URL ""
| #define I386 1
| #define LINUX 1
| #define SECURE_UID 1
| #define PACKAGE "lsdldoom"
| #define VERSION "1.5"
| #define STDC_HEADERS 1
| #define HAVE_SYS_TYPES_H 1
| #define HAVE_SYS_STAT_H 1
| #define HAVE_STDLIB_H 1
| #define HAVE_STRING_H 1
| #define HAVE_MEMORY_H 1
| #define HAVE_STRINGS_H 1
| #define HAVE_INTTYPES_H 1
| #define HAVE_STDINT_H 1
| #define HAVE_UNISTD_H 1
| /* end confdefs.h.  */
| #include <stdio.h>
| #ifdef HAVE_SYS_TYPES_H
| # include <sys/types.h>
| #endif
| #ifdef HAVE_SYS_STAT_H
| # include <sys/stat.h>
| #endif
| #ifdef STDC_HEADERS
| # include <stdlib.h>
| # include <stddef.h>
| #else
| # ifdef HAVE_STDLIB_H
| #  include <stdlib.h>
| # endif
| #endif
| #ifdef HAVE_STRING_H
| # if !defined STDC_HEADERS && defined HAVE_MEMORY_H
| #  include <memory.h>
| # endif
| # include <string.h>
| #endif
| #ifdef HAVE_STRINGS_H
| # include <strings.h>
| #endif
| #ifdef HAVE_INTTYPES_H
| # include <inttypes.h>
| #endif
| #ifdef HAVE_STDINT_H
| # include <stdint.h>
| #endif
| #ifdef HAVE_UNISTD_H
| # include <unistd.h>
| #endif
| int
| main ()
| {
| if (sizeof ((pid_t)))
| 	    return 0;
|   ;
|   return 0;
| }
configure:5016: result: yes
configure:5027: checking for uid_t in sys/types.h
configure:5046: result: yes
configure:5058: checking whether sys_siglist is declared
configure:5058: gcc -c -march=native -O2 -pipe -Wall -fno-strict-aliasing -ffast-math -DI386_ASM -march=native  conftest.c >&5
configure:5058: $? = 0
configure:5058: result: yes
configure:5077: checking for an ANSI C-conforming const
configure:5142: gcc -c -march=native -O2 -pipe -Wall -fno-strict-aliasing -ffast-math -DI386_ASM -march=native  conftest.c >&5
conftest.c: In function 'main':
conftest.c:54: warning: 't' is used uninitialized in this function
conftest.c:70: warning: 'b' is used uninitialized in this function
conftest.c:33: warning: 'cs[0]' is used uninitialized in this function
configure:5142: $? = 0
configure:5149: result: yes
configure:5157: checking for inline
configure:5173: gcc -c -march=native -O2 -pipe -Wall -fno-strict-aliasing -ffast-math -DI386_ASM -march=native  conftest.c >&5
configure:5173: $? = 0
configure:5181: result: inline
configure:5240: checking for sdl-config
configure:5258: found /usr/bin/sdl-config
configure:5271: result: /usr/bin/sdl-config
configure:5280: checking for SDL - version >= 1.0.1
configure:5365: gcc -o conftest -march=native -O2 -pipe -Wall -fno-strict-aliasing -ffast-math -DI386_ASM -march=native -I/usr/include/SDL -D_GNU_SOURCE=1 -D_REENTRANT   conftest.c  -lSDL -lpthread >&5
configure:5365: $? = 0
configure:5365: ./conftest
configure:5365: $? = 0
configure:5379: result: yes
configure:5442: checking for Mix_LoadMUS in -lSDL_mixer
configure:5467: gcc -o conftest -march=native -O2 -pipe -Wall -fno-strict-aliasing -ffast-math -DI386_ASM -march=native   conftest.c -lSDL_mixer -lSDL -lpthread  >&5
configure:5467: $? = 0
configure:5476: result: yes
configure:5486: checking for SDLNet_UDP_Open in -lSDL_net
configure:5511: gcc -o conftest -march=native -O2 -pipe -Wall -fno-strict-aliasing -ffast-math -DI386_ASM -march=native   conftest.c -lSDL_net   >&5
configure:5511: $? = 0
configure:5520: result: yes
configure:5536: checking for socket
configure:5536: gcc -o conftest -march=native -O2 -pipe -Wall -fno-strict-aliasing -ffast-math -DI386_ASM -march=native   conftest.c  >&5
configure:5536: $? = 0
configure:5536: result: yes
configure:5565: checking for stricmp
configure:5565: gcc -o conftest -march=native -O2 -pipe -Wall -fno-strict-aliasing -ffast-math -DI386_ASM -march=native   conftest.c  >&5
/tmp/ccAyeibN.o: In function `main':
conftest.c:(.text+0x7): undefined reference to `stricmp'
collect2: ld returned 1 exit status
configure:5565: $? = 1
configure: failed program was:
| /* confdefs.h */
| #define PACKAGE_NAME ""
| #define PACKAGE_TARNAME ""
| #define PACKAGE_VERSION ""
| #define PACKAGE_STRING ""
| #define PACKAGE_BUGREPORT ""
| #define PACKAGE_URL ""
| #define I386 1
| #define LINUX 1
| #define SECURE_UID 1
| #define PACKAGE "lsdldoom"
| #define VERSION "1.5"
| #define STDC_HEADERS 1
| #define HAVE_SYS_TYPES_H 1
| #define HAVE_SYS_STAT_H 1
| #define HAVE_STDLIB_H 1
| #define HAVE_STRING_H 1
| #define HAVE_MEMORY_H 1
| #define HAVE_STRINGS_H 1
| #define HAVE_INTTYPES_H 1
| #define HAVE_STDINT_H 1
| #define HAVE_UNISTD_H 1
| #define HAVE_DECL_SYS_SIGLIST 1
| /* end confdefs.h.  */
| /* Define stricmp to an innocuous variant, in case <limits.h> declares stricmp.
|    For example, HP-UX 11i <limits.h> declares gettimeofday.  */
| #define stricmp innocuous_stricmp
| 
| /* System header to define __stub macros and hopefully few prototypes,
|     which can conflict with char stricmp (); below.
|     Prefer <limits.h> to <assert.h> if __STDC__ is defined, since
|     <limits.h> exists even on freestanding compilers.  */
| 
| #ifdef __STDC__
| # include <limits.h>
| #else
| # include <assert.h>
| #endif
| 
| #undef stricmp
| 
| /* Override any GCC internal prototype to avoid an error.
|    Use char because int might match the return type of a GCC
|    builtin and then its argument prototype would still apply.  */
| #ifdef __cplusplus
| extern "C"
| #endif
| char stricmp ();
| /* The GNU C library defines this for functions which it implements
|     to always fail with ENOSYS.  Some functions are actually named
|     something starting with __ and the normal name is an alias.  */
| #if defined __stub_stricmp || defined __stub___stricmp
| choke me
| #endif
| 
| int
| main ()
| {
| return stricmp ();
|   ;
|   return 0;
| }
configure:5565: result: no
configure:5573: checking for strnicmp
configure:5573: gcc -o conftest -march=native -O2 -pipe -Wall -fno-strict-aliasing -ffast-math -DI386_ASM -march=native   conftest.c  >&5
/tmp/ccQtNAXV.o: In function `main':
conftest.c:(.text+0x7): undefined reference to `strnicmp'
collect2: ld returned 1 exit status
configure:5573: $? = 1
configure: failed program was:
| /* confdefs.h */
| #define PACKAGE_NAME ""
| #define PACKAGE_TARNAME ""
| #define PACKAGE_VERSION ""
| #define PACKAGE_STRING ""
| #define PACKAGE_BUGREPORT ""
| #define PACKAGE_URL ""
| #define I386 1
| #define LINUX 1
| #define SECURE_UID 1
| #define PACKAGE "lsdldoom"
| #define VERSION "1.5"
| #define STDC_HEADERS 1
| #define HAVE_SYS_TYPES_H 1
| #define HAVE_SYS_STAT_H 1
| #define HAVE_STDLIB_H 1
| #define HAVE_STRING_H 1
| #define HAVE_MEMORY_H 1
| #define HAVE_STRINGS_H 1
| #define HAVE_INTTYPES_H 1
| #define HAVE_STDINT_H 1
| #define HAVE_UNISTD_H 1
| #define HAVE_DECL_SYS_SIGLIST 1
| #define stricmp strcasecmp
| /* end confdefs.h.  */
| /* Define strnicmp to an innocuous variant, in case <limits.h> declares strnicmp.
|    For example, HP-UX 11i <limits.h> declares gettimeofday.  */
| #define strnicmp innocuous_strnicmp
| 
| /* System header to define __stub macros and hopefully few prototypes,
|     which can conflict with char strnicmp (); below.
|     Prefer <limits.h> to <assert.h> if __STDC__ is defined, since
|     <limits.h> exists even on freestanding compilers.  */
| 
| #ifdef __STDC__
| # include <limits.h>
| #else
| # include <assert.h>
| #endif
| 
| #undef strnicmp
| 
| /* Override any GCC internal prototype to avoid an error.
|    Use char because int might match the return type of a GCC
|    builtin and then its argument prototype would still apply.  */
| #ifdef __cplusplus
| extern "C"
| #endif
| char strnicmp ();
| /* The GNU C library defines this for functions which it implements
|     to always fail with ENOSYS.  Some functions are actually named
|     something starting with __ and the normal name is an alias.  */
| #if defined __stub_strnicmp || defined __stub___strnicmp
| choke me
| #endif
| 
| int
| main ()
| {
| return strnicmp ();
|   ;
|   return 0;
| }
configure:5573: result: no
configure:5583: checking for inet_aton
configure:5583: gcc -o conftest -march=native -O2 -pipe -Wall -fno-strict-aliasing -ffast-math -DI386_ASM -march=native   conftest.c  >&5
configure:5583: $? = 0
configure:5583: result: yes
configure:5595: checking for vsnprintf
configure:5595: gcc -o conftest -march=native -O2 -pipe -Wall -fno-strict-aliasing -ffast-math -DI386_ASM -march=native   conftest.c  >&5
conftest.c:51: warning: conflicting types for built-in function 'vsnprintf'
configure:5595: $? = 0
configure:5595: result: yes
configure:5595: checking for snprintf
configure:5595: gcc -o conftest -march=native -O2 -pipe -Wall -fno-strict-aliasing -ffast-math -DI386_ASM -march=native   conftest.c  >&5
conftest.c:52: warning: conflicting types for built-in function 'snprintf'
configure:5595: $? = 0
configure:5595: result: yes
configure:5607: checking linux/joystick.h usability
configure:5607: gcc -c -march=native -O2 -pipe -Wall -fno-strict-aliasing -ffast-math -DI386_ASM -march=native  conftest.c >&5
configure:5607: $? = 0
configure:5607: result: yes
configure:5607: checking linux/joystick.h presence
configure:5607: gcc -E  conftest.c
configure:5607: $? = 0
configure:5607: result: yes
configure:5607: checking for linux/joystick.h
configure:5607: result: yes
configure:5619: checking sys/ioctl.h usability
configure:5619: gcc -c -march=native -O2 -pipe -Wall -fno-strict-aliasing -ffast-math -DI386_ASM -march=native  conftest.c >&5
configure:5619: $? = 0
configure:5619: result: yes
configure:5619: checking sys/ioctl.h presence
configure:5619: gcc -E  conftest.c
configure:5619: $? = 0
configure:5619: result: yes
configure:5619: checking for sys/ioctl.h
configure:5619: result: yes
configure:5631: checking sys/filio.h usability
configure:5631: gcc -c -march=native -O2 -pipe -Wall -fno-strict-aliasing -ffast-math -DI386_ASM -march=native  conftest.c >&5
conftest.c:65:23: error: sys/filio.h: No such file or directory
configure:5631: $? = 1
configure: failed program was:
| /* confdefs.h */
| #define PACKAGE_NAME ""
| #define PACKAGE_TARNAME ""
| #define PACKAGE_VERSION ""
| #define PACKAGE_STRING ""
| #define PACKAGE_BUGREPORT ""
| #define PACKAGE_URL ""
| #define I386 1
| #define LINUX 1
| #define SECURE_UID 1
| #define PACKAGE "lsdldoom"
| #define VERSION "1.5"
| #define STDC_HEADERS 1
| #define HAVE_SYS_TYPES_H 1
| #define HAVE_SYS_STAT_H 1
| #define HAVE_STDLIB_H 1
| #define HAVE_STRING_H 1
| #define HAVE_MEMORY_H 1
| #define HAVE_STRINGS_H 1
| #define HAVE_INTTYPES_H 1
| #define HAVE_STDINT_H 1
| #define HAVE_UNISTD_H 1
| #define HAVE_DECL_SYS_SIGLIST 1
| #define stricmp strcasecmp
| #define strnicmp strncasecmp
| #define HAVE_INET_ATON 1
| #define HAVE_VSNPRINTF 1
| #define HAVE_SNPRINTF 1
| #define HAVE_LINUX_JOYSTICK_H 1
| #define HAVE_SYS_IOCTL_H 1
| /* end confdefs.h.  */
| #include <stdio.h>
| #ifdef HAVE_SYS_TYPES_H
| # include <sys/types.h>
| #endif
| #ifdef HAVE_SYS_STAT_H
| # include <sys/stat.h>
| #endif
| #ifdef STDC_HEADERS
| # include <stdlib.h>
| # include <stddef.h>
| #else
| # ifdef HAVE_STDLIB_H
| #  include <stdlib.h>
| # endif
| #endif
| #ifdef HAVE_STRING_H
| # if !defined STDC_HEADERS && defined HAVE_MEMORY_H
| #  include <memory.h>
| # endif
| # include <string.h>
| #endif
| #ifdef HAVE_STRINGS_H
| # include <strings.h>
| #endif
| #ifdef HAVE_INTTYPES_H
| # include <inttypes.h>
| #endif
| #ifdef HAVE_STDINT_H
| # include <stdint.h>
| #endif
| #ifdef HAVE_UNISTD_H
| # include <unistd.h>
| #endif
| #include <sys/filio.h>
configure:5631: result: no
configure:5631: checking sys/filio.h presence
configure:5631: gcc -E  conftest.c
conftest.c:32:23: error: sys/filio.h: No such file or directory
configure:5631: $? = 1
configure: failed program was:
| /* confdefs.h */
| #define PACKAGE_NAME ""
| #define PACKAGE_TARNAME ""
| #define PACKAGE_VERSION ""
| #define PACKAGE_STRING ""
| #define PACKAGE_BUGREPORT ""
| #define PACKAGE_URL ""
| #define I386 1
| #define LINUX 1
| #define SECURE_UID 1
| #define PACKAGE "lsdldoom"
| #define VERSION "1.5"
| #define STDC_HEADERS 1
| #define HAVE_SYS_TYPES_H 1
| #define HAVE_SYS_STAT_H 1
| #define HAVE_STDLIB_H 1
| #define HAVE_STRING_H 1
| #define HAVE_MEMORY_H 1
| #define HAVE_STRINGS_H 1
| #define HAVE_INTTYPES_H 1
| #define HAVE_STDINT_H 1
| #define HAVE_UNISTD_H 1
| #define HAVE_DECL_SYS_SIGLIST 1
| #define stricmp strcasecmp
| #define strnicmp strncasecmp
| #define HAVE_INET_ATON 1
| #define HAVE_VSNPRINTF 1
| #define HAVE_SNPRINTF 1
| #define HAVE_LINUX_JOYSTICK_H 1
| #define HAVE_SYS_IOCTL_H 1
| /* end confdefs.h.  */
| #include <sys/filio.h>
configure:5631: result: no
configure:5631: checking for sys/filio.h
configure:5631: result: no
configure:5847: creating ./config.status

## ---------------------- ##
## Running config.status. ##
## ---------------------- ##

This file was extended by config.status, which was
generated by GNU Autoconf 2.68.  Invocation command line was

  CONFIG_FILES    = 
  CONFIG_HEADERS  = 
  CONFIG_LINKS    = 
  CONFIG_COMMANDS = 
  $ ./config.status 

on localhost

config.status:908: creating Makefile
config.status:908: creating src/Makefile
config.status:908: creating doc/Makefile
config.status:908: creating data/Makefile
config.status:908: creating lsdldoom.spec
config.status:908: creating config.h
config.status:1089: config.h is unchanged
config.status:1137: executing depfiles commands

## ---------------- ##
## Cache variables. ##
## ---------------- ##

ac_cv_build=i686-pc-linux-gnu
ac_cv_c_compiler_gnu=yes
ac_cv_c_const=yes
ac_cv_c_inline=inline
ac_cv_env_CCASFLAGS_set=
ac_cv_env_CCASFLAGS_value=
ac_cv_env_CCAS_set=
ac_cv_env_CCAS_value=
ac_cv_env_CC_set=
ac_cv_env_CC_value=
ac_cv_env_CFLAGS_set=set
ac_cv_env_CFLAGS_value='-march=native -O2 -pipe -Wall'
ac_cv_env_CPPFLAGS_set=
ac_cv_env_CPPFLAGS_value=
ac_cv_env_CPP_set=
ac_cv_env_CPP_value=
ac_cv_env_LDFLAGS_set=
ac_cv_env_LDFLAGS_value=
ac_cv_env_LIBS_set=
ac_cv_env_LIBS_value=
ac_cv_env_build_alias_set=
ac_cv_env_build_alias_value=
ac_cv_env_host_alias_set=
ac_cv_env_host_alias_value=
ac_cv_env_target_alias_set=
ac_cv_env_target_alias_value=
ac_cv_func_inet_aton=yes
ac_cv_func_snprintf=yes
ac_cv_func_socket=yes
ac_cv_func_stricmp=no
ac_cv_func_strnicmp=no
ac_cv_func_vsnprintf=yes
ac_cv_have_decl_sys_siglist=yes
ac_cv_header_inttypes_h=yes
ac_cv_header_linux_joystick_h=yes
ac_cv_header_memory_h=yes
ac_cv_header_stdc=yes
ac_cv_header_stdint_h=yes
ac_cv_header_stdlib_h=yes
ac_cv_header_string_h=yes
ac_cv_header_strings_h=yes
ac_cv_header_sys_filio_h=no
ac_cv_header_sys_ioctl_h=yes
ac_cv_header_sys_stat_h=yes
ac_cv_header_sys_types_h=yes
ac_cv_header_unistd_h=yes
ac_cv_host=i686-pc-linux-gnu
ac_cv_lib_SDL_mixer_Mix_LoadMUS=yes
ac_cv_lib_SDL_net_SDLNet_UDP_Open=yes
ac_cv_objext=o
ac_cv_path_EGREP='/bin/grep -E'
ac_cv_path_GREP=/bin/grep
ac_cv_path_SDL_CONFIG=/usr/bin/sdl-config
ac_cv_path_install='/usr/bin/install -c'
ac_cv_path_mkdir=/bin/mkdir
ac_cv_prog_AWK=gawk
ac_cv_prog_CPP='gcc -E'
ac_cv_prog_ac_ct_CC=gcc
ac_cv_prog_cc_c89=
ac_cv_prog_cc_g=yes
ac_cv_prog_make_make_set=yes
ac_cv_target=i686-pc-linux-gnu
ac_cv_type_pid_t=yes
ac_cv_type_size_t=yes
ac_cv_type_uid_t=yes
am_cv_CCAS_dependencies_compiler_type=gcc3
am_cv_CC_dependencies_compiler_type=gcc3

## ----------------- ##
## Output variables. ##
## ----------------- ##

ACLOCAL='${SHELL} /home/user/src/lsdldoom-1.5/missing --run aclocal-1.11'
AMDEPBACKSLASH='\'
AMDEP_FALSE='#'
AMDEP_TRUE=''
AMTAR='${SHELL} /home/user/src/lsdldoom-1.5/missing --run tar'
AUTOCONF='${SHELL} /home/user/src/lsdldoom-1.5/missing --run autoconf'
AUTOHEADER='${SHELL} /home/user/src/lsdldoom-1.5/missing --run autoheader'
AUTOMAKE='${SHELL} /home/user/src/lsdldoom-1.5/missing --run automake-1.11'
AWK='gawk'
BUILD_SDLDOOM='lsdldoom'
BUILD_SERVER='lsdldoom-game-server'
CC='gcc'
CCAS='gcc'
CCASDEPMODE='depmode=gcc3'
CCASFLAGS='-march=native -O2 -pipe -Wall -fno-strict-aliasing -ffast-math'
CCDEPMODE='depmode=gcc3'
CFLAGS='-march=native -O2 -pipe -Wall -fno-strict-aliasing -ffast-math -DI386_ASM -march=native'
CPP='gcc -E'
CPPFLAGS=''
CYGPATH_W='echo'
DEFS='-DHAVE_CONFIG_H'
DEPDIR='.deps'
ECHO_C=''
ECHO_N='-n'
ECHO_T=''
EGREP='/bin/grep -E'
EXEEXT=''
GREP='/bin/grep'
HAVE_NET_FALSE='#'
HAVE_NET_TRUE=''
I386_ASM_FALSE='#'
I386_ASM_TRUE=''
INSTALL_DATA='${INSTALL} -m 644'
INSTALL_PROGRAM='${INSTALL}'
INSTALL_SCRIPT='${INSTALL}'
INSTALL_STRIP_PROGRAM='$(install_sh) -c -s'
LDFLAGS=''
LIBOBJS=''
LIBS=''
LTLIBOBJS=''
MAKEINFO='${SHELL} /home/user/src/lsdldoom-1.5/missing --run makeinfo'
MIXER_CFLAGS='-DHAVE_MIXER'
MIXER_LIBS='-lSDL_mixer'
MKDIR_P='/bin/mkdir -p'
NET_CFLAGS='-DHAVE_NET -DHAVE_BSD_NET'
NET_LIBS=''
OBJEXT='o'
PACKAGE='lsdldoom'
PACKAGE_BUGREPORT=''
PACKAGE_NAME=''
PACKAGE_STRING=''
PACKAGE_TARNAME=''
PACKAGE_URL=''
PACKAGE_VERSION=''
PATH_SEPARATOR=':'
SDL_CFLAGS='-I/usr/include/SDL -D_GNU_SOURCE=1 -D_REENTRANT'
SDL_CONFIG='/usr/bin/sdl-config'
SDL_LIBS='-lSDL -lpthread'
SET_MAKE=''
SHELL='/bin/sh'
STRIP=''
VERSION='1.5'
ac_ct_CC='gcc'
am__EXEEXT_FALSE=''
am__EXEEXT_TRUE='#'
am__fastdepCCAS_FALSE='#'
am__fastdepCCAS_TRUE=''
am__fastdepCC_FALSE='#'
am__fastdepCC_TRUE=''
am__include='include'
am__isrc=''
am__leading_dot='.'
am__quote=''
am__tar='${AMTAR} chof - "$$tardir"'
am__untar='${AMTAR} xf -'
bindir='${exec_prefix}/bin'
build='i686-pc-linux-gnu'
build_alias=''
build_cpu='i686'
build_os='linux-gnu'
build_vendor='pc'
datadir='${datarootdir}'
datarootdir='${prefix}/share'
docdir='${datarootdir}/doc/${PACKAGE}'
dvidir='${docdir}'
exec_prefix='/usr/local'
host='i686-pc-linux-gnu'
host_alias=''
host_cpu='i686'
host_os='linux-gnu'
host_vendor='pc'
htmldir='${docdir}'
includedir='${prefix}/include'
infodir='${datarootdir}/info'
install_sh='${SHELL} /home/user/src/lsdldoom-1.5/install-sh'
libdir='${exec_prefix}/lib'
libexecdir='${exec_prefix}/libexec'
localedir='${datarootdir}/locale'
localstatedir='${prefix}/var'
mandir='${datarootdir}/man'
mkdir_p='/bin/mkdir -p'
oldincludedir='/usr/include'
pdfdir='${docdir}'
prefix='/usr/local'
program_transform_name='s,x,x,'
psdir='${docdir}'
sbindir='${exec_prefix}/sbin'
sharedstatedir='${prefix}/com'
sysconfdir='${prefix}/etc'
target='i686-pc-linux-gnu'
target_alias=''
target_cpu='i686'
target_os='linux-gnu'
target_vendor='pc'

## ----------- ##
## confdefs.h. ##
## ----------- ##

/* confdefs.h */
#define PACKAGE_NAME ""
#define PACKAGE_TARNAME ""
#define PACKAGE_VERSION ""
#define PACKAGE_STRING ""
#define PACKAGE_BUGREPORT ""
#define PACKAGE_URL ""
#define I386 1
#define LINUX 1
#define SECURE_UID 1
#define PACKAGE "lsdldoom"
#define VERSION "1.5"
#define STDC_HEADERS 1
#define HAVE_SYS_TYPES_H 1
#define HAVE_SYS_STAT_H 1
#define HAVE_STDLIB_H 1
#define HAVE_STRING_H 1
#define HAVE_MEMORY_H 1
#define HAVE_STRINGS_H 1
#define HAVE_INTTYPES_H 1
#define HAVE_STDINT_H 1
#define HAVE_UNISTD_H 1
#define HAVE_DECL_SYS_SIGLIST 1
#define stricmp strcasecmp
#define strnicmp strncasecmp
#define HAVE_INET_ATON 1
#define HAVE_VSNPRINTF 1
#define HAVE_SNPRINTF 1
#define HAVE_LINUX_JOYSTICK_H 1
#define HAVE_SYS_IOCTL_H 1
#define HIGHRES 1
#define SIMPLECHECKS 1
#define ZONEIDCHECK 1
#define DOOMWADDIR "${prefix}/share/games/doom"

configure: exit 0

## ---------------------- ##
## Running config.status. ##
## ---------------------- ##

This file was extended by config.status, which was
generated by GNU Autoconf 2.68.  Invocation command line was

  CONFIG_FILES    = 
  CONFIG_HEADERS  = 
  CONFIG_LINKS    = 
  CONFIG_COMMANDS = 
  $ ./config.status config.h

on localhost

config.status:908: creating config.h
config.status:1089: config.h is unchanged
